<?xml version="1.0" encoding="UTF-8"?>
<!-- Generated by org.testng.reporters.JUnitReportReporter -->
<testsuite skipped="0" hostname="LAPTOP-QMKJF7K9" name="packagedemo.MavenTest" tests="2" failures="0" timestamp="11 Aug 2019 10:26:36 GMT" time="0.008" errors="0">
  <testcase name="maventestB" time="0.000" classname="packagedemo.MavenTest"/>
  <testcase name="maventestA" time="0.008" classname="packagedemo.MavenTest"/>
</testsuite> <!-- packagedemo.MavenTest -->
